<?xml version="1.0" encoding="UTF-8"?>
<robot generator="Robot 7.2 (Python 3.13.2 on win32)" generated="2025-02-11T11:30:41.863753" rpa="false" schemaversion="5">
<suite id="s1" name="New" source="C:\Users\CLASSROOM\Desktop\New folder\testcase\New.robot">
<test id="s1-t1" name="Click on 'Products' button" line="16">
<kw name="Open Browser" owner="SeleniumLibrary">
<msg time="2025-02-11T11:30:42.050218" level="INFO">Opening browser 'chrome' to base url 'http://automationexercise.com'.</msg>
<arg>${URL}</arg>
<arg>chrome</arg>
<doc>Opens a new browser instance to the optional ``url``.</doc>
<status status="PASS" start="2025-02-11T11:30:42.050037" elapsed="4.306850"/>
</kw>
<kw name="Click Element" owner="SeleniumLibrary">
<msg time="2025-02-11T11:30:46.358340" level="INFO">Clicking element '//*[@id="header"]/div/div/div/div[2]/div/ul/li[2]/a'.</msg>
<arg>${PRODUCT_XPATH}</arg>
<doc>Click the element identified by ``locator``.</doc>
<status status="PASS" start="2025-02-11T11:30:46.357588" elapsed="1.831960"/>
</kw>
<kw name="Location Should Be" owner="SeleniumLibrary">
<msg time="2025-02-11T11:30:48.195600" level="INFO">Current location is 'https://automationexercise.com/products'.</msg>
<arg>${EXPECTED_PRODUCT}</arg>
<doc>Verifies that the current URL is exactly ``url``.</doc>
<status status="PASS" start="2025-02-11T11:30:48.189862" elapsed="0.005829"/>
</kw>
<status status="PASS" start="2025-02-11T11:30:42.049314" elapsed="6.146631"/>
</test>
<test id="s1-t2" name="Search Product Name" line="21">
<kw name="Input Text" owner="SeleniumLibrary">
<msg time="2025-02-11T11:30:48.197179" level="INFO">Typing text 'Men Tshirt' into text field '//*[@id="search_product"]'.</msg>
<arg>//*[@id="search_product"]</arg>
<arg>${PRODUCT_NAME}</arg>
<doc>Types the given ``text`` into the text field identified by ``locator``.</doc>
<status status="PASS" start="2025-02-11T11:30:48.196955" elapsed="0.088665"/>
</kw>
<kw name="Click Button" owner="SeleniumLibrary">
<msg time="2025-02-11T11:30:48.286157" level="INFO">Clicking button '//*[@id="submit_search"]'.</msg>
<arg>//*[@id="submit_search"]</arg>
<doc>Clicks the button identified by ``locator``.</doc>
<status status="PASS" start="2025-02-11T11:30:48.285943" elapsed="0.983687"/>
</kw>
<kw name="Location Should Be" owner="SeleniumLibrary">
<msg time="2025-02-11T11:30:49.272384" level="INFO">Current location is 'https://automationexercise.com/products?search=Men%20Tshirt'.</msg>
<arg>${PRODUCT_PATH}</arg>
<doc>Verifies that the current URL is exactly ``url``.</doc>
<status status="PASS" start="2025-02-11T11:30:49.269931" elapsed="0.002512"/>
</kw>
<kw name="Page Should Contain" owner="SeleniumLibrary">
<msg time="2025-02-11T11:30:49.283803" level="INFO">Current page contains text 'Men Tshirt'.</msg>
<arg>${SEARCHED_PRODUCTS_TEXT}</arg>
<doc>Verifies that current page contains ``text``.</doc>
<status status="PASS" start="2025-02-11T11:30:49.272595" elapsed="0.011287"/>
</kw>
<kw name="Close Browser" owner="SeleniumLibrary">
<doc>Closes the current browser.</doc>
<status status="PASS" start="2025-02-11T11:30:49.284091" elapsed="2.107244"/>
</kw>
<status status="PASS" start="2025-02-11T11:30:48.196564" elapsed="3.195200"/>
</test>
<status status="PASS" start="2025-02-11T11:30:41.864982" elapsed="9.527840"/>
</suite>
<statistics>
<total>
<stat pass="2" fail="0" skip="0">All Tests</stat>
</total>
<tag>
</tag>
<suite>
<stat name="New" id="s1" pass="2" fail="0" skip="0">New</stat>
</suite>
</statistics>
<errors>
</errors>
</robot>
